0 [-0.6322324] [0.] [0.21088664 0.5267846  0.18483321 0.13297327 0.07329723 0.31961465
 0.2839668  0.376655   0.48773363 0.0333593 ] [-0.13332938 -0.3330503  -0.11685755 -0.08407001 -0.04634089 -0.20207074
 -0.17953302 -0.23813352 -0.30836102 -0.02109083]
20 [-0.62642246] [0.0193046] [0.21088664 0.5267846  0.18483321 0.13297327 0.07329723 0.31961465
 0.2839668  0.376655   0.48773363 0.0333593 ] [-0.11279953 -0.3106851  -0.09647907 -0.06399284 -0.02661043 -0.18090919
 -0.15857859 -0.21664056 -0.2862227  -0.00159242]
40 [-0.62083304] [0.03779263] [0.21088664 0.5267846  0.18483321 0.13297327 0.07329723 0.31961465
 0.2839668  0.376655   0.48773363 0.0333593 ] [-0.09313277 -0.28925267 -0.07695793 -0.04476157 -0.00771271 -0.1606347
 -0.13850334 -0.19604725 -0.26500854  0.01708207]
60 [-0.6154548] [0.05549838] [0.21088664 0.5267846  0.18483321 0.13297327 0.07329723 0.31961465
 0.2839668  0.376655   0.48773363 0.0333593 ] [-0.07429282 -0.2687137  -0.05825811 -0.02634066  0.01038724 -0.14120999
 -0.11927035 -0.17631575 -0.24467961  0.03496724]
80 [-0.61027896] [0.07245468] [0.21088664 0.5267846  0.18483321 0.13297327 0.07329723 0.31961465
 0.2839668  0.376655   0.48773363 0.0333593 ] [-0.056245   -0.24903087 -0.04034515 -0.00869611  0.02772292 -0.12259942
 -0.10084429 -0.15740995 -0.22519891  0.0520962 ]
100 [-0.605297] [0.08869299] [0.21088664 0.5267846  0.18483321 0.13297327 0.07329723 0.31961465
 0.2839668  0.376655   0.48773363 0.0333593 ] [-0.03895607 -0.23016816 -0.02318601  0.00820466  0.04432639 -0.10476881
 -0.08319128 -0.13929516 -0.20653072  0.0685007 ]
120 [-0.600501] [0.10424346] [0.21088664 0.5267846  0.18483321 0.13297327 0.07329723 0.31961465
 0.2839668  0.376655   0.48773363 0.0333593 ] [-0.02239418 -0.21209121 -0.00674907  0.02439287  0.0602284  -0.08768547
 -0.06627889 -0.12193826 -0.18864107  0.08421116]
140 [-0.595883] [0.11913498] [0.21088664 0.5267846  0.18483321 0.13297327 0.07329723 0.31961465
 0.2839668  0.376655   0.48773363 0.0333593 ] [-0.00652879 -0.19476701  0.008996    0.03989846  0.07545841 -0.07131796
 -0.05007602 -0.10530734 -0.17149721  0.09925674]
160 [-0.5914357] [0.13339518] [0.21088664 0.5267846  0.18483321 0.13297327 0.07329723 0.31961465
 0.2839668  0.376655   0.48773363 0.0333593 ] [ 0.00866929 -0.17816402  0.02407823  0.05475005  0.09004459 -0.05563633
 -0.03455292 -0.08937202 -0.15506788  0.1136653 ]
180 [-0.58715177] [0.14705057] [0.21088664 0.5267846  0.18483321 0.13297327 0.07329723 0.31961465
 0.2839668  0.376655   0.48773363 0.0333593 ] [ 0.02322811 -0.16225193  0.03852542  0.06897508  0.10401398 -0.04061173
 -0.01968104 -0.07410309 -0.1393231   0.12746361]
200 [-0.5830243] [0.16012658] [0.21088664 0.5267846  0.18483321 0.13297327 0.07329723 0.31961465
 0.2839668  0.376655   0.48773363 0.0333593 ] [ 0.03717454 -0.14700164  0.05236432  0.08259993  0.11739251 -0.02621654
 -0.00543298 -0.05947246 -0.12423398  0.1406773 ]
